2020-07-31 00:53:37.010  INFO 70989 --- [main] com.example.demo.SareetaApplication      : Starting SareetaApplication on MacBook-Pro with PID 70989 (started by gabriel_catani in /Users/gabriel_catani/gmartins/Udacity/Java_Web_ND/P04-eCommerce Application)
2020-07-31 00:53:37.012  INFO 70989 --- [main] com.example.demo.SareetaApplication      : No active profile set, falling back to default profiles: default
2020-07-31 00:53:37.643  INFO 70989 --- [main] .s.d.r.c.RepositoryConfigurationDelegate : Bootstrapping Spring Data repositories in DEFAULT mode.
2020-07-31 00:53:37.702  INFO 70989 --- [main] .s.d.r.c.RepositoryConfigurationDelegate : Finished Spring Data repository scanning in 49ms. Found 4 repository interfaces.
2020-07-31 00:53:38.122  INFO 70989 --- [main] trationDelegate$BeanPostProcessorChecker : Bean 'org.springframework.transaction.annotation.ProxyTransactionManagementConfiguration' of type [org.springframework.transaction.annotation.ProxyTransactionManagementConfiguration$$EnhancerBySpringCGLIB$$edc6e4ff] is not eligible for getting processed by all BeanPostProcessors (for example: not eligible for auto-proxying)
2020-07-31 00:53:38.371  INFO 70989 --- [main] o.s.b.w.embedded.tomcat.TomcatWebServer  : Tomcat initialized with port(s): 8080 (http)
2020-07-31 00:53:38.395  INFO 70989 --- [main] o.apache.catalina.core.StandardService   : Starting service [Tomcat]
2020-07-31 00:53:38.396  INFO 70989 --- [main] org.apache.catalina.core.StandardEngine  : Starting Servlet engine: [Apache Tomcat/9.0.19]
2020-07-31 00:53:38.488  INFO 70989 --- [main] o.a.c.c.C.[Tomcat].[localhost].[/]       : Initializing Spring embedded WebApplicationContext
2020-07-31 00:53:38.488  INFO 70989 --- [main] o.s.web.context.ContextLoader            : Root WebApplicationContext: initialization completed in 1428 ms
2020-07-31 00:53:38.643  INFO 70989 --- [main] com.zaxxer.hikari.HikariDataSource       : HikariPool-1 - Starting...
2020-07-31 00:53:38.799  INFO 70989 --- [main] com.zaxxer.hikari.HikariDataSource       : HikariPool-1 - Start completed.
2020-07-31 00:53:38.852  INFO 70989 --- [main] o.hibernate.jpa.internal.util.LogHelper  : HHH000204: Processing PersistenceUnitInfo [
	name: default
	...]
2020-07-31 00:53:38.926  INFO 70989 --- [main] org.hibernate.Version                    : HHH000412: Hibernate Core {5.3.10.Final}
2020-07-31 00:53:38.927  INFO 70989 --- [main] org.hibernate.cfg.Environment            : HHH000206: hibernate.properties not found
2020-07-31 00:53:39.084  INFO 70989 --- [main] o.hibernate.annotations.common.Version   : HCANN000001: Hibernate Commons Annotations {5.0.4.Final}
2020-07-31 00:53:39.211  INFO 70989 --- [main] org.hibernate.dialect.Dialect            : HHH000400: Using dialect: org.hibernate.dialect.H2Dialect
2020-07-31 00:53:39.887  INFO 70989 --- [main] j.LocalContainerEntityManagerFactoryBean : Initialized JPA EntityManagerFactory for persistence unit 'default'
2020-07-31 00:53:40.368  INFO 70989 --- [main] o.s.s.web.DefaultSecurityFilterChain     : Creating filter chain: any request, [org.springframework.security.web.context.request.async.WebAsyncManagerIntegrationFilter@5d20195b, org.springframework.security.web.context.SecurityContextPersistenceFilter@6dc2e473, org.springframework.security.web.header.HeaderWriterFilter@76134251, org.springframework.web.filter.CorsFilter@2674ca88, org.springframework.security.web.authentication.logout.LogoutFilter@26b3fe8, com.example.demo.security.JWTAuthenticationFilter@67a3dd86, com.example.demo.security.JWTAuthenticationVerificationFilter@430212cb, org.springframework.security.web.savedrequest.RequestCacheAwareFilter@1abf951a, org.springframework.security.web.servletapi.SecurityContextHolderAwareRequestFilter@79ee779c, org.springframework.security.web.authentication.AnonymousAuthenticationFilter@1eb52131, org.springframework.security.web.session.SessionManagementFilter@7bde704a, org.springframework.security.web.access.ExceptionTranslationFilter@59ac77f9, org.springframework.security.web.access.intercept.FilterSecurityInterceptor@510203de]
2020-07-31 00:53:40.485  INFO 70989 --- [main] o.s.s.concurrent.ThreadPoolTaskExecutor  : Initializing ExecutorService 'applicationTaskExecutor'
2020-07-31 00:53:40.522  WARN 70989 --- [main] aWebConfiguration$JpaWebMvcConfiguration : spring.jpa.open-in-view is enabled by default. Therefore, database queries may be performed during view rendering. Explicitly configure spring.jpa.open-in-view to disable this warning
2020-07-31 00:53:40.695  INFO 70989 --- [main] o.s.b.w.embedded.tomcat.TomcatWebServer  : Tomcat started on port(s): 8080 (http) with context path ''
2020-07-31 00:53:40.698  INFO 70989 --- [main] com.example.demo.SareetaApplication      : Started SareetaApplication in 4.092 seconds (JVM running for 4.558)
2020-07-31 00:54:21.017  INFO 70989 --- [http-nio-8080-exec-2] o.a.c.c.C.[Tomcat].[localhost].[/]       : Initializing Spring DispatcherServlet 'dispatcherServlet'
2020-07-31 00:54:21.018  INFO 70989 --- [http-nio-8080-exec-2] o.s.web.servlet.DispatcherServlet        : Initializing Servlet 'dispatcherServlet'
2020-07-31 00:54:21.031  INFO 70989 --- [http-nio-8080-exec-2] o.s.web.servlet.DispatcherServlet        : Completed initialization in 13 ms
2020-07-31 00:54:21.151  INFO 70989 --- [http-nio-8080-exec-2] eCommerce                                : Creating User Gabriel
2020-07-31 00:54:21.325  INFO 70989 --- [http-nio-8080-exec-2] eCommerce                                : User Created successfully!
2020-07-31 00:55:18.142  INFO 70989 --- [http-nio-8080-exec-3] eCommerce                                : Creating User Gabriel
2020-07-31 00:55:18.144 ERROR 70989 --- [http-nio-8080-exec-3] eCommerce                                : Password doesn't attain the required constraints.
2020-07-31 01:00:37.108  INFO 70989 --- [Thread-3] o.s.s.concurrent.ThreadPoolTaskExecutor  : Shutting down ExecutorService 'applicationTaskExecutor'
2020-07-31 01:00:37.110  INFO 70989 --- [Thread-3] j.LocalContainerEntityManagerFactoryBean : Closing JPA EntityManagerFactory for persistence unit 'default'
2020-07-31 01:00:37.114  INFO 70989 --- [Thread-3] com.zaxxer.hikari.HikariDataSource       : HikariPool-1 - Shutdown initiated...
2020-07-31 01:00:37.117  INFO 70989 --- [Thread-3] com.zaxxer.hikari.HikariDataSource       : HikariPool-1 - Shutdown completed.
2020-07-31 01:00:45.117  INFO 71268 --- [main] com.example.demo.SareetaApplication      : Starting SareetaApplication on MacBook-Pro with PID 71268 (started by gabriel_catani in /Users/gabriel_catani/gmartins/Udacity/Java_Web_ND/P04-eCommerce Application)
2020-07-31 01:00:45.119  INFO 71268 --- [main] com.example.demo.SareetaApplication      : No active profile set, falling back to default profiles: default
2020-07-31 01:00:45.612  INFO 71268 --- [main] .s.d.r.c.RepositoryConfigurationDelegate : Bootstrapping Spring Data repositories in DEFAULT mode.
2020-07-31 01:00:45.681  INFO 71268 --- [main] .s.d.r.c.RepositoryConfigurationDelegate : Finished Spring Data repository scanning in 60ms. Found 4 repository interfaces.
2020-07-31 01:00:46.125  INFO 71268 --- [main] trationDelegate$BeanPostProcessorChecker : Bean 'org.springframework.transaction.annotation.ProxyTransactionManagementConfiguration' of type [org.springframework.transaction.annotation.ProxyTransactionManagementConfiguration$$EnhancerBySpringCGLIB$$186ae2e3] is not eligible for getting processed by all BeanPostProcessors (for example: not eligible for auto-proxying)
2020-07-31 01:00:46.350  INFO 71268 --- [main] o.s.b.w.embedded.tomcat.TomcatWebServer  : Tomcat initialized with port(s): 8080 (http)
2020-07-31 01:00:46.374  INFO 71268 --- [main] o.apache.catalina.core.StandardService   : Starting service [Tomcat]
2020-07-31 01:00:46.375  INFO 71268 --- [main] org.apache.catalina.core.StandardEngine  : Starting Servlet engine: [Apache Tomcat/9.0.19]
2020-07-31 01:00:46.484  INFO 71268 --- [main] o.a.c.c.C.[Tomcat].[localhost].[/]       : Initializing Spring embedded WebApplicationContext
2020-07-31 01:00:46.485  INFO 71268 --- [main] o.s.web.context.ContextLoader            : Root WebApplicationContext: initialization completed in 1323 ms
2020-07-31 01:00:46.661  INFO 71268 --- [main] com.zaxxer.hikari.HikariDataSource       : HikariPool-1 - Starting...
2020-07-31 01:00:46.814  INFO 71268 --- [main] com.zaxxer.hikari.HikariDataSource       : HikariPool-1 - Start completed.
2020-07-31 01:00:46.860  INFO 71268 --- [main] o.hibernate.jpa.internal.util.LogHelper  : HHH000204: Processing PersistenceUnitInfo [
	name: default
	...]
2020-07-31 01:00:46.929  INFO 71268 --- [main] org.hibernate.Version                    : HHH000412: Hibernate Core {5.3.10.Final}
2020-07-31 01:00:46.930  INFO 71268 --- [main] org.hibernate.cfg.Environment            : HHH000206: hibernate.properties not found
2020-07-31 01:00:47.078  INFO 71268 --- [main] o.hibernate.annotations.common.Version   : HCANN000001: Hibernate Commons Annotations {5.0.4.Final}
2020-07-31 01:00:47.201  INFO 71268 --- [main] org.hibernate.dialect.Dialect            : HHH000400: Using dialect: org.hibernate.dialect.H2Dialect
2020-07-31 01:17:08.117  INFO 71901 --- [main] com.example.demo.SareetaApplication      : Starting SareetaApplication on MacBook-Pro with PID 71901 (started by gabriel_catani in /Users/gabriel_catani/gmartins/Udacity/Java_Web_ND/P04-eCommerce Application)
2020-07-31 01:17:08.120  INFO 71901 --- [main] com.example.demo.SareetaApplication      : No active profile set, falling back to default profiles: default
2020-07-31 01:17:08.880  INFO 71901 --- [main] .s.d.r.c.RepositoryConfigurationDelegate : Bootstrapping Spring Data repositories in DEFAULT mode.
2020-07-31 01:17:08.946  INFO 71901 --- [main] .s.d.r.c.RepositoryConfigurationDelegate : Finished Spring Data repository scanning in 54ms. Found 4 repository interfaces.
2020-07-31 01:17:09.427  INFO 71901 --- [main] trationDelegate$BeanPostProcessorChecker : Bean 'org.springframework.transaction.annotation.ProxyTransactionManagementConfiguration' of type [org.springframework.transaction.annotation.ProxyTransactionManagementConfiguration$$EnhancerBySpringCGLIB$$ae84830b] is not eligible for getting processed by all BeanPostProcessors (for example: not eligible for auto-proxying)
2020-07-31 01:17:09.672  INFO 71901 --- [main] o.s.b.w.embedded.tomcat.TomcatWebServer  : Tomcat initialized with port(s): 8080 (http)
2020-07-31 01:17:09.696  INFO 71901 --- [main] o.apache.catalina.core.StandardService   : Starting service [Tomcat]
2020-07-31 01:17:09.697  INFO 71901 --- [main] org.apache.catalina.core.StandardEngine  : Starting Servlet engine: [Apache Tomcat/9.0.19]
2020-07-31 01:17:09.791  INFO 71901 --- [main] o.a.c.c.C.[Tomcat].[localhost].[/]       : Initializing Spring embedded WebApplicationContext
2020-07-31 01:17:09.791  INFO 71901 --- [main] o.s.web.context.ContextLoader            : Root WebApplicationContext: initialization completed in 1617 ms
2020-07-31 01:17:09.954  INFO 71901 --- [main] com.zaxxer.hikari.HikariDataSource       : HikariPool-1 - Starting...
2020-07-31 01:17:10.118  INFO 71901 --- [main] com.zaxxer.hikari.HikariDataSource       : HikariPool-1 - Start completed.
2020-07-31 01:17:10.178  INFO 71901 --- [main] o.hibernate.jpa.internal.util.LogHelper  : HHH000204: Processing PersistenceUnitInfo [
	name: default
	...]
2020-07-31 01:17:10.252  INFO 71901 --- [main] org.hibernate.Version                    : HHH000412: Hibernate Core {5.3.10.Final}
2020-07-31 01:17:10.253  INFO 71901 --- [main] org.hibernate.cfg.Environment            : HHH000206: hibernate.properties not found
2020-07-31 01:17:10.409  INFO 71901 --- [main] o.hibernate.annotations.common.Version   : HCANN000001: Hibernate Commons Annotations {5.0.4.Final}
2020-07-31 01:17:10.535  INFO 71901 --- [main] org.hibernate.dialect.Dialect            : HHH000400: Using dialect: org.hibernate.dialect.H2Dialect
2020-07-31 01:17:11.185  INFO 71901 --- [main] j.LocalContainerEntityManagerFactoryBean : Initialized JPA EntityManagerFactory for persistence unit 'default'
2020-07-31 01:17:11.697  INFO 71901 --- [main] o.s.s.web.DefaultSecurityFilterChain     : Creating filter chain: any request, [org.springframework.security.web.context.request.async.WebAsyncManagerIntegrationFilter@7ca29311, org.springframework.security.web.context.SecurityContextPersistenceFilter@76134251, org.springframework.security.web.header.HeaderWriterFilter@56a9b662, org.springframework.web.filter.CorsFilter@6493f780, org.springframework.security.web.authentication.logout.LogoutFilter@f4d391c, com.example.demo.security.JWTAuthenticationFilter@782dc5, com.example.demo.security.JWTAuthenticationVerificationFilter@35f22eef, org.springframework.security.web.savedrequest.RequestCacheAwareFilter@7bde704a, org.springframework.security.web.servletapi.SecurityContextHolderAwareRequestFilter@33837bd4, org.springframework.security.web.authentication.AnonymousAuthenticationFilter@5d20195b, org.springframework.security.web.session.SessionManagementFilter@59ac77f9, org.springframework.security.web.access.ExceptionTranslationFilter@5f4e389a, org.springframework.security.web.access.intercept.FilterSecurityInterceptor@6e617c0e]
2020-07-31 01:17:11.825  INFO 71901 --- [main] o.s.s.concurrent.ThreadPoolTaskExecutor  : Initializing ExecutorService 'applicationTaskExecutor'
2020-07-31 01:17:11.865  WARN 71901 --- [main] aWebConfiguration$JpaWebMvcConfiguration : spring.jpa.open-in-view is enabled by default. Therefore, database queries may be performed during view rendering. Explicitly configure spring.jpa.open-in-view to disable this warning
2020-07-31 01:17:12.063  INFO 71901 --- [main] o.s.b.w.embedded.tomcat.TomcatWebServer  : Tomcat started on port(s): 8080 (http) with context path ''
2020-07-31 01:17:12.065  INFO 71901 --- [main] com.example.demo.SareetaApplication      : Started SareetaApplication in 4.291 seconds (JVM running for 4.772)
2020-07-31 01:25:16.750  INFO 71901 --- [Thread-3] o.s.s.concurrent.ThreadPoolTaskExecutor  : Shutting down ExecutorService 'applicationTaskExecutor'
2020-07-31 01:25:16.754  INFO 71901 --- [Thread-3] j.LocalContainerEntityManagerFactoryBean : Closing JPA EntityManagerFactory for persistence unit 'default'
2020-07-31 01:25:16.763  INFO 71901 --- [Thread-3] com.zaxxer.hikari.HikariDataSource       : HikariPool-1 - Shutdown initiated...
2020-07-31 01:25:16.768  INFO 71901 --- [Thread-3] com.zaxxer.hikari.HikariDataSource       : HikariPool-1 - Shutdown completed.
2020-07-31 01:25:27.375  INFO 72235 --- [main] com.example.demo.SareetaApplication      : Starting SareetaApplication on MacBook-Pro with PID 72235 (started by gabriel_catani in /Users/gabriel_catani/gmartins/Udacity/Java_Web_ND/P04-eCommerce Application)
2020-07-31 01:25:27.379  INFO 72235 --- [main] com.example.demo.SareetaApplication      : No active profile set, falling back to default profiles: default
2020-07-31 01:25:27.913  INFO 72235 --- [main] .s.d.r.c.RepositoryConfigurationDelegate : Bootstrapping Spring Data repositories in DEFAULT mode.
2020-07-31 01:25:27.965  INFO 72235 --- [main] .s.d.r.c.RepositoryConfigurationDelegate : Finished Spring Data repository scanning in 45ms. Found 4 repository interfaces.
2020-07-31 01:25:28.366  INFO 72235 --- [main] trationDelegate$BeanPostProcessorChecker : Bean 'org.springframework.transaction.annotation.ProxyTransactionManagementConfiguration' of type [org.springframework.transaction.annotation.ProxyTransactionManagementConfiguration$$EnhancerBySpringCGLIB$$d123d91d] is not eligible for getting processed by all BeanPostProcessors (for example: not eligible for auto-proxying)
2020-07-31 01:25:28.593  INFO 72235 --- [main] o.s.b.w.embedded.tomcat.TomcatWebServer  : Tomcat initialized with port(s): 8080 (http)
2020-07-31 01:25:28.616  INFO 72235 --- [main] o.apache.catalina.core.StandardService   : Starting service [Tomcat]
2020-07-31 01:25:28.616  INFO 72235 --- [main] org.apache.catalina.core.StandardEngine  : Starting Servlet engine: [Apache Tomcat/9.0.19]
2020-07-31 01:25:28.706  INFO 72235 --- [main] o.a.c.c.C.[Tomcat].[localhost].[/]       : Initializing Spring embedded WebApplicationContext
2020-07-31 01:25:28.706  INFO 72235 --- [main] o.s.web.context.ContextLoader            : Root WebApplicationContext: initialization completed in 1278 ms
2020-07-31 01:25:28.844  INFO 72235 --- [main] com.zaxxer.hikari.HikariDataSource       : HikariPool-1 - Starting...
2020-07-31 01:25:29.003  INFO 72235 --- [main] com.zaxxer.hikari.HikariDataSource       : HikariPool-1 - Start completed.
2020-07-31 01:25:29.055  INFO 72235 --- [main] o.hibernate.jpa.internal.util.LogHelper  : HHH000204: Processing PersistenceUnitInfo [
	name: default
	...]
2020-07-31 01:25:29.118  INFO 72235 --- [main] org.hibernate.Version                    : HHH000412: Hibernate Core {5.3.10.Final}
2020-07-31 01:25:29.119  INFO 72235 --- [main] org.hibernate.cfg.Environment            : HHH000206: hibernate.properties not found
2020-07-31 01:25:29.248  INFO 72235 --- [main] o.hibernate.annotations.common.Version   : HCANN000001: Hibernate Commons Annotations {5.0.4.Final}
2020-07-31 01:25:29.364  INFO 72235 --- [main] org.hibernate.dialect.Dialect            : HHH000400: Using dialect: org.hibernate.dialect.H2Dialect
2020-07-31 01:25:29.965  INFO 72235 --- [main] j.LocalContainerEntityManagerFactoryBean : Initialized JPA EntityManagerFactory for persistence unit 'default'
2020-07-31 01:25:30.458  INFO 72235 --- [main] o.s.s.web.DefaultSecurityFilterChain     : Creating filter chain: any request, [org.springframework.security.web.context.request.async.WebAsyncManagerIntegrationFilter@2651e783, org.springframework.security.web.context.SecurityContextPersistenceFilter@afb7b03, org.springframework.security.web.header.HeaderWriterFilter@78ea700f, org.springframework.web.filter.CorsFilter@7682bf66, org.springframework.security.web.authentication.logout.LogoutFilter@1bf10539, com.example.demo.security.JWTAuthenticationFilter@4eb73cc8, com.example.demo.security.JWTAuthenticationVerificationFilter@6e23ba17, org.springframework.security.web.savedrequest.RequestCacheAwareFilter@7d483ebe, org.springframework.security.web.servletapi.SecurityContextHolderAwareRequestFilter@6b630d4b, org.springframework.security.web.authentication.AnonymousAuthenticationFilter@47e725af, org.springframework.security.web.session.SessionManagementFilter@3b1137b0, org.springframework.security.web.access.ExceptionTranslationFilter@31c0c7e5, org.springframework.security.web.access.intercept.FilterSecurityInterceptor@767b9d66]
2020-07-31 01:25:30.569  INFO 72235 --- [main] o.s.s.concurrent.ThreadPoolTaskExecutor  : Initializing ExecutorService 'applicationTaskExecutor'
2020-07-31 01:25:30.607  WARN 72235 --- [main] aWebConfiguration$JpaWebMvcConfiguration : spring.jpa.open-in-view is enabled by default. Therefore, database queries may be performed during view rendering. Explicitly configure spring.jpa.open-in-view to disable this warning
2020-07-31 01:25:30.773  INFO 72235 --- [main] o.s.b.w.embedded.tomcat.TomcatWebServer  : Tomcat started on port(s): 8080 (http) with context path ''
2020-07-31 01:25:30.776  INFO 72235 --- [main] com.example.demo.SareetaApplication      : Started SareetaApplication in 3.747 seconds (JVM running for 4.111)
2020-07-31 01:25:39.384  INFO 72235 --- [http-nio-8080-exec-1] o.a.c.c.C.[Tomcat].[localhost].[/]       : Initializing Spring DispatcherServlet 'dispatcherServlet'
2020-07-31 01:25:39.384  INFO 72235 --- [http-nio-8080-exec-1] o.s.web.servlet.DispatcherServlet        : Initializing Servlet 'dispatcherServlet'
2020-07-31 01:25:39.391  INFO 72235 --- [http-nio-8080-exec-1] o.s.web.servlet.DispatcherServlet        : Completed initialization in 7 ms
2020-07-31 01:25:39.485  INFO 72235 --- [http-nio-8080-exec-1] eCommerce                                : Creating User Gabriel
2020-07-31 01:25:39.526 ERROR 72235 --- [http-nio-8080-exec-1] eCommerce                                : Password doesn't attain the required constraints.
2020-07-31 01:26:51.807  INFO 72235 --- [Thread-3] o.s.s.concurrent.ThreadPoolTaskExecutor  : Shutting down ExecutorService 'applicationTaskExecutor'
2020-07-31 01:26:51.810  INFO 72235 --- [Thread-3] j.LocalContainerEntityManagerFactoryBean : Closing JPA EntityManagerFactory for persistence unit 'default'
2020-07-31 01:26:51.814  INFO 72235 --- [Thread-3] com.zaxxer.hikari.HikariDataSource       : HikariPool-1 - Shutdown initiated...
2020-07-31 01:26:51.817  INFO 72235 --- [Thread-3] com.zaxxer.hikari.HikariDataSource       : HikariPool-1 - Shutdown completed.
2020-07-31 01:28:08.581  INFO 72330 --- [main] com.example.demo.SareetaApplication      : Starting SareetaApplication on MacBook-Pro with PID 72330 (started by gabriel_catani in /Users/gabriel_catani/gmartins/Udacity/Java_Web_ND/P04-eCommerce Application)
2020-07-31 01:28:08.583  INFO 72330 --- [main] com.example.demo.SareetaApplication      : No active profile set, falling back to default profiles: default
2020-07-31 01:28:09.209  INFO 72330 --- [main] .s.d.r.c.RepositoryConfigurationDelegate : Bootstrapping Spring Data repositories in DEFAULT mode.
2020-07-31 01:28:09.282  INFO 72330 --- [main] .s.d.r.c.RepositoryConfigurationDelegate : Finished Spring Data repository scanning in 63ms. Found 4 repository interfaces.
2020-07-31 01:28:09.753  INFO 72330 --- [main] trationDelegate$BeanPostProcessorChecker : Bean 'org.springframework.transaction.annotation.ProxyTransactionManagementConfiguration' of type [org.springframework.transaction.annotation.ProxyTransactionManagementConfiguration$$EnhancerBySpringCGLIB$$7cdead49] is not eligible for getting processed by all BeanPostProcessors (for example: not eligible for auto-proxying)
2020-07-31 01:28:10.003  INFO 72330 --- [main] o.s.b.w.embedded.tomcat.TomcatWebServer  : Tomcat initialized with port(s): 8080 (http)
2020-07-31 01:28:10.026  INFO 72330 --- [main] o.apache.catalina.core.StandardService   : Starting service [Tomcat]
2020-07-31 01:28:10.027  INFO 72330 --- [main] org.apache.catalina.core.StandardEngine  : Starting Servlet engine: [Apache Tomcat/9.0.19]
2020-07-31 01:28:10.121  INFO 72330 --- [main] o.a.c.c.C.[Tomcat].[localhost].[/]       : Initializing Spring embedded WebApplicationContext
2020-07-31 01:28:10.122  INFO 72330 --- [main] o.s.web.context.ContextLoader            : Root WebApplicationContext: initialization completed in 1485 ms
2020-07-31 01:28:10.274  INFO 72330 --- [main] com.zaxxer.hikari.HikariDataSource       : HikariPool-1 - Starting...
2020-07-31 01:28:10.442  INFO 72330 --- [main] com.zaxxer.hikari.HikariDataSource       : HikariPool-1 - Start completed.
2020-07-31 01:28:10.495  INFO 72330 --- [main] o.hibernate.jpa.internal.util.LogHelper  : HHH000204: Processing PersistenceUnitInfo [
	name: default
	...]
2020-07-31 01:28:10.567  INFO 72330 --- [main] org.hibernate.Version                    : HHH000412: Hibernate Core {5.3.10.Final}
2020-07-31 01:28:10.568  INFO 72330 --- [main] org.hibernate.cfg.Environment            : HHH000206: hibernate.properties not found
2020-07-31 01:28:10.708  INFO 72330 --- [main] o.hibernate.annotations.common.Version   : HCANN000001: Hibernate Commons Annotations {5.0.4.Final}
2020-07-31 01:28:10.848  INFO 72330 --- [main] org.hibernate.dialect.Dialect            : HHH000400: Using dialect: org.hibernate.dialect.H2Dialect
2020-07-31 01:33:53.771  INFO 72541 --- [main] com.example.demo.SareetaApplication      : Starting SareetaApplication on MacBook-Pro with PID 72541 (started by gabriel_catani in /Users/gabriel_catani/gmartins/Udacity/Java_Web_ND/P04-eCommerce Application)
2020-07-31 01:33:53.773  INFO 72541 --- [main] com.example.demo.SareetaApplication      : No active profile set, falling back to default profiles: default
2020-07-31 01:33:54.362  INFO 72541 --- [main] .s.d.r.c.RepositoryConfigurationDelegate : Bootstrapping Spring Data repositories in DEFAULT mode.
2020-07-31 01:33:54.427  INFO 72541 --- [main] .s.d.r.c.RepositoryConfigurationDelegate : Finished Spring Data repository scanning in 54ms. Found 4 repository interfaces.
2020-07-31 01:33:54.865  INFO 72541 --- [main] trationDelegate$BeanPostProcessorChecker : Bean 'org.springframework.transaction.annotation.ProxyTransactionManagementConfiguration' of type [org.springframework.transaction.annotation.ProxyTransactionManagementConfiguration$$EnhancerBySpringCGLIB$$66bb5d7e] is not eligible for getting processed by all BeanPostProcessors (for example: not eligible for auto-proxying)
2020-07-31 01:33:55.099  INFO 72541 --- [main] o.s.b.w.embedded.tomcat.TomcatWebServer  : Tomcat initialized with port(s): 8080 (http)
2020-07-31 01:33:55.124  INFO 72541 --- [main] o.apache.catalina.core.StandardService   : Starting service [Tomcat]
2020-07-31 01:33:55.124  INFO 72541 --- [main] org.apache.catalina.core.StandardEngine  : Starting Servlet engine: [Apache Tomcat/9.0.19]
2020-07-31 01:33:55.219  INFO 72541 --- [main] o.a.c.c.C.[Tomcat].[localhost].[/]       : Initializing Spring embedded WebApplicationContext
2020-07-31 01:33:55.220  INFO 72541 --- [main] o.s.web.context.ContextLoader            : Root WebApplicationContext: initialization completed in 1390 ms
2020-07-31 01:33:55.372  INFO 72541 --- [main] com.zaxxer.hikari.HikariDataSource       : HikariPool-1 - Starting...
2020-07-31 01:33:55.526  INFO 72541 --- [main] com.zaxxer.hikari.HikariDataSource       : HikariPool-1 - Start completed.
2020-07-31 01:33:55.574  INFO 72541 --- [main] o.hibernate.jpa.internal.util.LogHelper  : HHH000204: Processing PersistenceUnitInfo [
	name: default
	...]
2020-07-31 01:33:55.646  INFO 72541 --- [main] org.hibernate.Version                    : HHH000412: Hibernate Core {5.3.10.Final}
2020-07-31 01:33:55.648  INFO 72541 --- [main] org.hibernate.cfg.Environment            : HHH000206: hibernate.properties not found
2020-07-31 01:33:55.790  INFO 72541 --- [main] o.hibernate.annotations.common.Version   : HCANN000001: Hibernate Commons Annotations {5.0.4.Final}
2020-07-31 01:33:55.908  INFO 72541 --- [main] org.hibernate.dialect.Dialect            : HHH000400: Using dialect: org.hibernate.dialect.H2Dialect
2020-07-31 01:33:56.521  INFO 72541 --- [main] j.LocalContainerEntityManagerFactoryBean : Initialized JPA EntityManagerFactory for persistence unit 'default'
2020-07-31 01:33:56.998  INFO 72541 --- [main] o.s.s.web.DefaultSecurityFilterChain     : Creating filter chain: any request, [org.springframework.security.web.context.request.async.WebAsyncManagerIntegrationFilter@5a35ae82, org.springframework.security.web.context.SecurityContextPersistenceFilter@8c18bde, org.springframework.security.web.header.HeaderWriterFilter@29dfc68f, org.springframework.web.filter.CorsFilter@1ab21633, org.springframework.security.web.authentication.logout.LogoutFilter@1fd35a92, com.example.demo.security.JWTAuthenticationFilter@59aa1d1c, com.example.demo.security.JWTAuthenticationVerificationFilter@169d4aba, org.springframework.security.web.savedrequest.RequestCacheAwareFilter@5ae16aa, org.springframework.security.web.servletapi.SecurityContextHolderAwareRequestFilter@3151277f, org.springframework.security.web.authentication.AnonymousAuthenticationFilter@612bb755, org.springframework.security.web.session.SessionManagementFilter@333a2df2, org.springframework.security.web.access.ExceptionTranslationFilter@d02c00, org.springframework.security.web.access.intercept.FilterSecurityInterceptor@5af56240]
2020-07-31 01:33:57.115  INFO 72541 --- [main] o.s.s.concurrent.ThreadPoolTaskExecutor  : Initializing ExecutorService 'applicationTaskExecutor'
2020-07-31 01:33:57.156  WARN 72541 --- [main] aWebConfiguration$JpaWebMvcConfiguration : spring.jpa.open-in-view is enabled by default. Therefore, database queries may be performed during view rendering. Explicitly configure spring.jpa.open-in-view to disable this warning
2020-07-31 01:33:57.315  INFO 72541 --- [main] o.s.b.w.embedded.tomcat.TomcatWebServer  : Tomcat started on port(s): 8080 (http) with context path ''
2020-07-31 01:33:57.317  INFO 72541 --- [main] com.example.demo.SareetaApplication      : Started SareetaApplication in 3.93 seconds (JVM running for 4.303)
2020-07-31 01:34:14.128  INFO 72541 --- [http-nio-8080-exec-1] o.a.c.c.C.[Tomcat].[localhost].[/]       : Initializing Spring DispatcherServlet 'dispatcherServlet'
2020-07-31 01:34:14.128  INFO 72541 --- [http-nio-8080-exec-1] o.s.web.servlet.DispatcherServlet        : Initializing Servlet 'dispatcherServlet'
2020-07-31 01:34:14.135  INFO 72541 --- [http-nio-8080-exec-1] o.s.web.servlet.DispatcherServlet        : Completed initialization in 7 ms
2020-07-31 01:34:14.246  INFO 72541 --- [http-nio-8080-exec-1] eCommerce                                : Creating User Gabriel
2020-07-31 01:34:14.297 ERROR 72541 --- [http-nio-8080-exec-1] eCommerce                                : Password doesn't attain the required constraints.
2020-07-31 01:35:49.782  INFO 72541 --- [http-nio-8080-exec-4] eCommerce                                : Creating User Gabriel
2020-07-31 01:35:49.868  INFO 72541 --- [http-nio-8080-exec-4] eCommerce                                : User Created successfully!
2020-07-31 02:33:41.243  INFO 76210 --- [main] com.example.demo.SareetaApplication      : Starting SareetaApplication on MacBook-Pro with PID 76210 (started by gabriel_catani in /Users/gabriel_catani/gmartins/Udacity/Java_Web_ND/last_project/projects/P04-eCommerce Application)
2020-07-31 02:33:41.246  INFO 76210 --- [main] com.example.demo.SareetaApplication      : No active profile set, falling back to default profiles: default
2020-07-31 02:33:41.951  INFO 76210 --- [main] .s.d.r.c.RepositoryConfigurationDelegate : Bootstrapping Spring Data repositories in DEFAULT mode.
2020-07-31 02:33:42.023  INFO 76210 --- [main] .s.d.r.c.RepositoryConfigurationDelegate : Finished Spring Data repository scanning in 60ms. Found 4 repository interfaces.
2020-07-31 02:33:42.517  INFO 76210 --- [main] trationDelegate$BeanPostProcessorChecker : Bean 'org.springframework.transaction.annotation.ProxyTransactionManagementConfiguration' of type [org.springframework.transaction.annotation.ProxyTransactionManagementConfiguration$$EnhancerBySpringCGLIB$$d11d9c4] is not eligible for getting processed by all BeanPostProcessors (for example: not eligible for auto-proxying)
2020-07-31 02:33:42.779  INFO 76210 --- [main] o.s.b.w.embedded.tomcat.TomcatWebServer  : Tomcat initialized with port(s): 8080 (http)
2020-07-31 02:33:42.807  INFO 76210 --- [main] o.apache.catalina.core.StandardService   : Starting service [Tomcat]
2020-07-31 02:33:42.808  INFO 76210 --- [main] org.apache.catalina.core.StandardEngine  : Starting Servlet engine: [Apache Tomcat/9.0.19]
2020-07-31 02:33:42.915  INFO 76210 --- [main] o.a.c.c.C.[Tomcat].[localhost].[/]       : Initializing Spring embedded WebApplicationContext
2020-07-31 02:33:42.915  INFO 76210 --- [main] o.s.web.context.ContextLoader            : Root WebApplicationContext: initialization completed in 1595 ms
2020-07-31 02:33:43.100  INFO 76210 --- [main] com.zaxxer.hikari.HikariDataSource       : HikariPool-1 - Starting...
2020-07-31 02:33:43.271  INFO 76210 --- [main] com.zaxxer.hikari.HikariDataSource       : HikariPool-1 - Start completed.
2020-07-31 02:33:43.330  INFO 76210 --- [main] o.hibernate.jpa.internal.util.LogHelper  : HHH000204: Processing PersistenceUnitInfo [
	name: default
	...]
2020-07-31 02:33:43.412  INFO 76210 --- [main] org.hibernate.Version                    : HHH000412: Hibernate Core {5.3.10.Final}
2020-07-31 02:33:43.413  INFO 76210 --- [main] org.hibernate.cfg.Environment            : HHH000206: hibernate.properties not found
2020-07-31 02:33:43.565  INFO 76210 --- [main] o.hibernate.annotations.common.Version   : HCANN000001: Hibernate Commons Annotations {5.0.4.Final}
2020-07-31 02:33:43.698  INFO 76210 --- [main] org.hibernate.dialect.Dialect            : HHH000400: Using dialect: org.hibernate.dialect.H2Dialect
2020-07-31 02:33:44.328  INFO 76210 --- [main] j.LocalContainerEntityManagerFactoryBean : Initialized JPA EntityManagerFactory for persistence unit 'default'
2020-07-31 02:33:44.829  INFO 76210 --- [main] o.s.s.web.DefaultSecurityFilterChain     : Creating filter chain: any request, [org.springframework.security.web.context.request.async.WebAsyncManagerIntegrationFilter@6d7677d8, org.springframework.security.web.context.SecurityContextPersistenceFilter@29ee8174, org.springframework.security.web.header.HeaderWriterFilter@511bfbb0, org.springframework.web.filter.CorsFilter@6705b763, org.springframework.security.web.authentication.logout.LogoutFilter@152035eb, com.example.demo.security.JWTAuthenticationFilter@e04b8a0, com.example.demo.security.JWTAuthenticationVerificationFilter@a97a895, org.springframework.security.web.savedrequest.RequestCacheAwareFilter@6549ce71, org.springframework.security.web.servletapi.SecurityContextHolderAwareRequestFilter@2fa2143d, org.springframework.security.web.authentication.AnonymousAuthenticationFilter@5401c6a8, org.springframework.security.web.session.SessionManagementFilter@126a9a77, org.springframework.security.web.access.ExceptionTranslationFilter@61c145cb, org.springframework.security.web.access.intercept.FilterSecurityInterceptor@67a3dd86]
2020-07-31 02:33:44.956  INFO 76210 --- [main] o.s.s.concurrent.ThreadPoolTaskExecutor  : Initializing ExecutorService 'applicationTaskExecutor'
2020-07-31 02:33:44.994  WARN 76210 --- [main] aWebConfiguration$JpaWebMvcConfiguration : spring.jpa.open-in-view is enabled by default. Therefore, database queries may be performed during view rendering. Explicitly configure spring.jpa.open-in-view to disable this warning
2020-07-31 02:33:45.171  INFO 76210 --- [main] o.s.b.w.embedded.tomcat.TomcatWebServer  : Tomcat started on port(s): 8080 (http) with context path ''
2020-07-31 02:33:45.173  INFO 76210 --- [main] com.example.demo.SareetaApplication      : Started SareetaApplication in 4.434 seconds (JVM running for 4.999)
2020-07-31 02:46:02.118  INFO 76210 --- [Thread-3] o.s.s.concurrent.ThreadPoolTaskExecutor  : Shutting down ExecutorService 'applicationTaskExecutor'
2020-07-31 02:46:02.125  INFO 76210 --- [Thread-3] j.LocalContainerEntityManagerFactoryBean : Closing JPA EntityManagerFactory for persistence unit 'default'
2020-07-31 02:46:02.139  INFO 76210 --- [Thread-3] com.zaxxer.hikari.HikariDataSource       : HikariPool-1 - Shutdown initiated...
2020-07-31 02:46:02.153  INFO 76210 --- [Thread-3] com.zaxxer.hikari.HikariDataSource       : HikariPool-1 - Shutdown completed.
